2023-12-22 00:22:44 ERROR TelegramBot:21 - /start
2023-12-22 00:23:35 ERROR TelegramBot:21 - /start
2023-12-23 12:29:33 DEBUG TelegramBot:22 - /start
2023-12-26 20:47:23 DEBUG UpdateProducerImpl:14 - /start
2023-12-26 20:47:29 DEBUG UpdateProducerImpl:14 - ytllo
2023-12-26 20:49:13 DEBUG UpdateProducerImpl:14 - 
2023-12-26 20:50:54 DEBUG UpdateProducerImpl:14 - /start
2023-12-26 20:51:08 DEBUG UpdateProducerImpl:14 - 
2023-12-28 22:29:08 DEBUG UpdateProducerImpl:19 - /start
2023-12-28 22:36:10 DEBUG UpdateProducerImpl:19 - /start
2023-12-28 22:36:19 DEBUG UpdateProducerImpl:19 - hello
2024-01-09 22:33:56 DEBUG UpdateProducerImpl:19 - /start
2024-01-09 22:35:11 DEBUG UpdateProducerImpl:19 - /start
2024-01-09 22:44:48 DEBUG UpdateProducerImpl:19 - /start
2024-01-11 23:30:18 DEBUG UpdateProducerImpl:19 - /start
2024-01-16 23:00:35 DEBUG UpdateProducerImpl:19 - /start
2024-01-16 23:00:41 DEBUG UpdateProducerImpl:19 - test
2024-01-16 23:01:39 DEBUG UpdateProducerImpl:19 - test
2024-01-16 23:02:30 DEBUG UpdateProducerImpl:19 - /start
2024-01-16 23:06:05 DEBUG UpdateProducerImpl:19 - /start
2024-01-16 23:06:09 DEBUG UpdateProducerImpl:19 - test
2024-01-17 23:20:17 DEBUG UpdateProducerImpl:19 - /start
2024-01-17 23:20:21 DEBUG UpdateProducerImpl:19 - /help
2024-01-18 23:56:01 DEBUG UpdateProducerImpl:19 - 
